{"target": 0.5, "params": {"alpha": 1.125533007053861, "dropout": 0.15804867401632372, "gamma": 1.0003431244520347, "lr": 0.010813995435791039, "neuronPct": 0.19073377945408557, "neuronShrink": 0.35092338594768796, "noisePct": 0.1558780634133013}, "datetime": {"datetime": "2020-11-07 05:06:17", "elapsed": 0.0, "delta": 0.0}}
{"target": 0.49996247070602956, "params": {"alpha": 1.0183410905645716, "dropout": 0.1095151211346005, "gamma": 2.616450202010071, "lr": 0.011515167086419769, "neuronPct": 0.1934260975019838, "neuronShrink": 0.35204452249731516, "noisePct": 0.3634352309172837}, "datetime": {"datetime": "2020-11-07 05:08:39", "elapsed": 142.212956, "delta": 142.212956}}
{"target": 0.8550158358716545, "params": {"alpha": 0.5410813897968892, "dropout": 0.15057012652676036, "gamma": 2.251914407101381, "lr": 0.01235213897067451, "neuronPct": 0.19070193469297617, "neuronShrink": 0.35198101489084876, "noisePct": 0.34022337060266106}, "datetime": {"datetime": "2020-11-07 05:11:23", "elapsed": 306.192245, "delta": 163.979289}}
{"target": 0.5, "params": {"alpha": 1.9523923635790963, "dropout": 0.09701362672388644, "gamma": 3.0769678470079422, "lr": 0.01425833491377623, "neuronPct": 0.19447303331751925, "neuronShrink": 0.35085044211369776, "noisePct": 0.11171643496986472}, "datetime": {"datetime": "2020-11-07 05:13:45", "elapsed": 448.337206, "delta": 142.144961}}
{"target": 0.8576525167957695, "params": {"alpha": 0.7547456293468533, "dropout": 0.18172137551441198, "gamma": 1.2950405014991504, "lr": 0.011526645750030312, "neuronPct": 0.1947894476507525, "neuronShrink": 0.3553316528497302, "noisePct": 0.30756313418514203}, "datetime": {"datetime": "2020-11-07 05:16:29", "elapsed": 612.791253, "delta": 164.454047}}
{"target": 0.8568345953078065, "params": {"alpha": 0.8359456494426163, "dropout": 0.19504139478869603, "gamma": 2.6032301300642007, "lr": 0.013490444119825869, "neuronPct": 0.19416043034372363, "neuronShrink": 0.3530768597732787, "noisePct": 0.2663398686246416}, "datetime": {"datetime": "2020-11-07 05:19:13", "elapsed": 776.239834, "delta": 163.448581}}
{"target": 0.5, "params": {"alpha": 1.6477793946788166, "dropout": 0.06642762870559298, "gamma": 2.565941224116222, "lr": 0.013609441366594522, "neuronPct": 0.19343569586630233, "neuronShrink": 0.35132981540744873, "noisePct": 0.1605773863053795}, "datetime": {"datetime": "2020-11-07 05:21:34", "elapsed": 917.730547, "delta": 141.490713}}
