{"target": 0.8584130522200262, "params": {"alpha": 0.750596729581982, "dropout": 0.19273760018651986, "gamma": 1.2700462202400178, "lr": 0.019084960065826308, "neuronPct": 0.17712724219160816, "neuronShrink": 0.33494858258817006, "noisePct": 0.29187614475402557}, "datetime": {"datetime": "2020-11-07 06:35:10", "elapsed": 0.0, "delta": 0.0}}
{"target": 0.8574933418343805, "params": {"alpha": 0.7470236656990057, "dropout": 0.17655974922594547, "gamma": 1.2969813381993183, "lr": 0.022006508610112684, "neuronPct": 0.20405042267059048, "neuronShrink": 0.340554265336306, "noisePct": 0.3264690060046893}, "datetime": {"datetime": "2020-11-07 06:37:56", "elapsed": 165.976956, "delta": 165.976956}}
{"target": 0.8579733360834938, "params": {"alpha": 0.7311150090067496, "dropout": 0.19024475102333208, "gamma": 1.2909057416175067, "lr": 0.025493891461174104, "neuronPct": 0.1768087945805142, "neuronShrink": 0.3402367273039741, "noisePct": 0.3226003626189189}, "datetime": {"datetime": "2020-11-07 06:40:41", "elapsed": 331.190405, "delta": 165.213449}}
{"target": 0.858427929314195, "params": {"alpha": 0.7781587081328232, "dropout": 0.17239258442237412, "gamma": 1.304656632282616, "lr": 0.03343637455743127, "neuronPct": 0.21451978082594486, "neuronShrink": 0.33458386341821905, "noisePct": 0.28451587334678613}, "datetime": {"datetime": "2020-11-07 06:43:26", "elapsed": 495.999616, "delta": 164.809211}}
{"target": 0.85808555480924, "params": {"alpha": 0.7382371503250817, "dropout": 0.20062850068588262, "gamma": 1.274957843190803, "lr": 0.022054336375156615, "neuronPct": 0.2176839241582776, "neuronShrink": 0.356989917098381, "noisePct": 0.3171569898826657}, "datetime": {"datetime": "2020-11-07 06:46:11", "elapsed": 661.231308, "delta": 165.231692}}
{"target": 0.8584571381663927, "params": {"alpha": 0.7297456293468533, "dropout": 0.15672137551441198, "gamma": 1.2700405014991505, "lr": 0.03652664575003031, "neuronPct": 0.2197894476507525, "neuronShrink": 0.3803316528497302, "noisePct": 0.282563134185142}, "datetime": {"datetime": "2020-11-07 06:48:56", "elapsed": 826.315312, "delta": 165.084004}}
{"target": 0.8584102017902405, "params": {"alpha": 0.7680049425028138, "dropout": 0.16219725174960964, "gamma": 1.2961395219010874, "lr": 0.030732651444174162, "neuronPct": 0.20414640631377562, "neuronShrink": 0.336980729886974, "noisePct": 0.2926593652360386}, "datetime": {"datetime": "2020-11-07 06:51:41", "elapsed": 991.122141, "delta": 164.806829}}
