{"target": 0.8608915704545345, "params": {"alpha": 0.9340456763831478, "dropout": 0.08425517073874295, "gamma": 1.4195808780694898, "lr": 0.016788704863628323, "neuronPct": 0.1767547775828121, "neuronShrink": 0.33180474398878285}, "datetime": {"datetime": "2020-11-07 03:59:45", "elapsed": 0.0, "delta": 0.0}}
{"target": 0.8565194255980433, "params": {"alpha": 0.9225075867169027, "dropout": 0.06551698241878744, "gamma": 1.439413533040156, "lr": 0.022700808897916258, "neuronPct": 0.1903767087621212, "neuronShrink": 0.3614487892701809}, "datetime": {"datetime": "2020-11-07 04:02:08", "elapsed": 142.579299, "delta": 142.579299}}
{"target": 0.8583448512041937, "params": {"alpha": 0.923417188634595, "dropout": 0.09214481788618231, "gamma": 1.420944538988519, "lr": 0.025992078302292387, "neuronPct": 0.1902822231603128, "neuronShrink": 0.35512230567263053}, "datetime": {"datetime": "2020-11-07 04:04:52", "elapsed": 306.856559, "delta": 164.27726}}
{"target": 0.8558945606779726, "params": {"alpha": 0.9202139230777808, "dropout": 0.05814402052087898, "gamma": 1.4596123877623992, "lr": 0.033436929940817275, "neuronPct": 0.1850881919499186, "neuronShrink": 0.36180394503380864}, "datetime": {"datetime": "2020-11-07 04:07:13", "elapsed": 447.937504, "delta": 141.080945}}
{"target": 0.858853181307459, "params": {"alpha": 0.9570140337628211, "dropout": 0.09296927924182741, "gamma": 1.4238273698971113, "lr": 0.010206760128654388, "neuronPct": 0.1779085040201849, "neuronShrink": 0.37109493942181365}, "datetime": {"datetime": "2020-11-07 04:09:57", "elapsed": 611.383545, "delta": 163.446041}}
{"target": 0.8602543975832332, "params": {"alpha": 0.9383178538336772, "dropout": 0.08113880950675538, "gamma": 1.4273987159339294, "lr": 0.011384017046286625, "neuronPct": 0.18138055785099064, "neuronShrink": 0.3340460016329543}, "datetime": {"datetime": "2020-11-07 04:12:40", "elapsed": 774.617745, "delta": 163.2342}}
{"target": 0.8603741219984389, "params": {"alpha": 0.9401088790363802, "dropout": 0.08926782252449214, "gamma": 1.4195751593286225, "lr": 0.011603194685843438, "neuronPct": 0.16941698304195646, "neuronShrink": 0.32718781425034293}, "datetime": {"datetime": "2020-11-07 04:15:23", "elapsed": 937.70819, "delta": 163.090445}}
