{"target": 0.8592532824199492, "params": {"alpha": 0.7085110023512871, "dropout": 0.07323720324493442, "gamma": 1.3001944371894862, "lr": 0.009233023325726319, "neuronPct": 0.1944146755890817, "neuronShrink": 0.3521092338594769}, "datetime": {"datetime": "2020-11-07 03:23:06", "elapsed": 0.0, "delta": 0.0}}
{"target": 0.8586829734932444, "params": {"alpha": 0.5931301056888354, "dropout": 0.07323345560727043, "gamma": 1.974504706192139, "lr": 0.009235388167340033, "neuronPct": 0.19444191945144032, "neuronShrink": 0.35216852195003967}, "datetime": {"datetime": "2020-11-07 03:25:49", "elapsed": 162.976138, "delta": 162.976138}}
{"target": 0.8594862805338171, "params": {"alpha": 0.6022261248657588, "dropout": 0.07323878117436391, "gamma": 1.3465589084364744, "lr": 0.009236704675101784, "neuronPct": 0.19444173048023672, "neuronShrink": 0.35215586898284457}, "datetime": {"datetime": "2020-11-07 03:28:32", "elapsed": 325.632106, "delta": 162.655968}}
{"target": 0.8595786288722161, "params": {"alpha": 0.5701934692976169, "dropout": 0.07323198101489085, "gamma": 2.6612657667484125, "lr": 0.009239682615757194, "neuronPct": 0.19443134241781593, "neuronShrink": 0.35216923226156693}, "datetime": {"datetime": "2020-11-07 03:31:15", "elapsed": 488.860358, "delta": 163.228252}}
{"target": 0.8602087028848369, "params": {"alpha": 0.9381945761480192, "dropout": 0.07323894606663504, "gamma": 1.4445751593286225, "lr": 0.00923039054783233, "neuronPct": 0.19441698304195645, "neuronShrink": 0.35218781425034296}, "datetime": {"datetime": "2020-11-07 03:33:58", "elapsed": 651.289907, "delta": 162.429549}}
{"target": 0.8598035159509136, "params": {"alpha": 0.9444797518217164, "dropout": 0.07323864575471516, "gamma": 1.448890713827503, "lr": 0.00923, "neuronPct": 0.1944198563064689, "neuronShrink": 0.3521895588218734}, "datetime": {"datetime": "2020-11-07 03:36:40", "elapsed": 813.468997, "delta": 162.17909}}
{"target": 0.8596763419315289, "params": {"alpha": 0.7065159177626684, "dropout": 0.07323368750657194, "gamma": 1.300869428557757, "lr": 0.009238339734124617, "neuronPct": 0.1944562640324099, "neuronShrink": 0.35216793540535646}, "datetime": {"datetime": "2020-11-07 03:39:24", "elapsed": 977.199521, "delta": 163.730524}}
