{"target": 0.8021108179419525, "params": {"alpha": 0.8923418089348906, "dropout": 0.15804867401632372, "gamma": 0.10021731215295529, "lr": 0.010813995435791039, "neuronPct": 0.45136194183306017, "neuronShrink": 0.21846771895375958}, "datetime": {"datetime": "2021-12-02 09:03:23", "elapsed": 0.0, "delta": 0.0}}
{"target": 0.8085106382978723, "params": {"alpha": 0.45389440161757466, "dropout": 0.10183410905645718, "gamma": 0.8538582010382728, "lr": 0.012232900404020142, "neuronPct": 0.94583804364198, "neuronShrink": 0.3370439000793519}, "datetime": {"datetime": "2021-12-02 09:03:32", "elapsed": 9.182021, "delta": 9.182021}}
{"target": 0.8085106382978723, "params": {"alpha": 0.48845927448988313, "dropout": 0.18171761545864185, "gamma": 0.15203642707605972, "lr": 0.013022805061070413, "neuronPct": 0.9424082162963354, "neuronShrink": 0.31173796568915035}, "datetime": {"datetime": "2021-12-02 09:03:41", "elapsed": 18.163446, "delta": 8.981425}}
{"target": 0.8085106382978723, "params": {"alpha": 0.3667351833309441, "dropout": 0.07971522336273182, "gamma": 1.6214146804835197, "lr": 0.014809569454316385, "neuronPct": 0.7538648833590258, "neuronShrink": 0.3384645231338628}, "datetime": {"datetime": "2021-12-02 09:03:51", "elapsed": 27.937237, "delta": 9.773791}}
{"target": 0.8026666666666666, "params": {"alpha": 1.7651393893624727, "dropout": 0.1841909995255771, "gamma": 0.261584001602578, "lr": 0.009234328699397294, "neuronPct": 0.49324221150969255, "neuronShrink": 0.37562850068588266}, "datetime": {"datetime": "2021-12-02 09:03:59", "elapsed": 36.008884, "delta": 8.071647}}
{"target": 0.8128342245989305, "params": {"alpha": 0.4460255468503901, "dropout": 0.11528410678765617, "gamma": 0.8814547502853013, "lr": 0.014861554283798768, "neuronPct": 0.9773507517808921, "neuronShrink": 0.3194107131397793}, "datetime": {"datetime": "2021-12-02 09:04:09", "elapsed": 45.520364, "delta": 9.51148}}
{"target": 0.8070652173913043, "params": {"alpha": 1.2356505188691322, "dropout": 0.09776192409755544, "gamma": 1.359811641574782, "lr": 0.011690339137973502, "neuronPct": 0.4975524474731156, "neuronShrink": 0.26058687130274083}, "datetime": {"datetime": "2021-12-02 09:04:18", "elapsed": 54.582006, "delta": 9.061642}}
{"target": 0.8021108179419525, "params": {"alpha": 0.889216816574261, "dropout": 0.12535189210791717, "gamma": 0.1826215029232542, "lr": 0.013682334729661221, "neuronPct": 0.4703220189857832, "neuronShrink": 0.2794037434005523}, "datetime": {"datetime": "2021-12-02 09:04:27", "elapsed": 63.821658, "delta": 9.239652}}
{"target": 0.8042328042328042, "params": {"alpha": 0.8780851164688842, "dropout": 0.06834458329094974, "gamma": 1.486965068099995, "lr": 0.01420851600842606, "neuronPct": 1.3881420319225548, "neuronShrink": 0.2789990711724838}, "datetime": {"datetime": "2021-12-02 09:04:39", "elapsed": 76.204389, "delta": 12.382731}}
{"target": 0.8015873015873016, "params": {"alpha": 1.841916702231164, "dropout": 0.06419179640160674, "gamma": 1.974622457305879, "lr": 0.014681925672320108, "neuronPct": 0.2091888896329453, "neuronShrink": 0.2908138622662319}, "datetime": {"datetime": "2021-12-02 09:04:47", "elapsed": 84.187821, "delta": 7.983432}}
{"target": 0.8043478260869565, "params": {"alpha": 1.4185910389555814, "dropout": 0.13604164247072098, "gamma": 0.7252634803939494, "lr": 0.013258858070386676, "neuronPct": 1.632335408792569, "neuronShrink": 0.20607453019713087}, "datetime": {"datetime": "2021-12-02 09:04:55", "elapsed": 92.198773, "delta": 8.010952}}
{"target": 0.8010610079575596, "params": {"alpha": 1.8877650731752476, "dropout": 0.09960919091571883, "gamma": 1.9522426683985215, "lr": 0.010998784452149678, "neuronPct": 0.18586107292116094, "neuronShrink": 0.2966801087688679}, "datetime": {"datetime": "2021-12-02 09:05:04", "elapsed": 100.401692, "delta": 8.202919}}
{"target": 0.8021108179419525, "params": {"alpha": 0.9092266433804257, "dropout": 0.11933153419185655, "gamma": 0.1497511893824065, "lr": 0.014068277676182727, "neuronPct": 0.4617652715616706, "neuronShrink": 0.20789899797373848}, "datetime": {"datetime": "2021-12-02 09:05:13", "elapsed": 109.47245, "delta": 9.070758}}
{"target": 0.8021108179419525, "params": {"alpha": 0.8938857656532665, "dropout": 0.10526682837577894, "gamma": 0.16433550881986264, "lr": 0.009132945832993618, "neuronPct": 0.4737144460892807, "neuronShrink": 0.288615113284209}, "datetime": {"datetime": "2021-12-02 09:05:22", "elapsed": 118.326045, "delta": 8.853595}}
{"target": 0.8021108179419525, "params": {"alpha": 0.8498729025872027, "dropout": 0.08942615260149217, "gamma": 0.1574500254856927, "lr": 0.00966766764810921, "neuronPct": 0.47451278435223465, "neuronShrink": 0.24690605143683605}, "datetime": {"datetime": "2021-12-02 09:05:31", "elapsed": 127.741873, "delta": 9.415828}}
{"target": 0.8042328042328042, "params": {"alpha": 0.864706305884087, "dropout": 0.08925602159970475, "gamma": 1.4792522119440445, "lr": 0.014617904461610038, "neuronPct": 1.3876500255894955, "neuronShrink": 0.32081129915550327}, "datetime": {"datetime": "2021-12-02 09:05:41", "elapsed": 137.356069, "delta": 9.614196}}
{"target": 0.8026666666666666, "params": {"alpha": 1.7992689606188594, "dropout": 0.06936564637326029, "gamma": 1.9770278482024533, "lr": 0.013345421586230581, "neuronPct": 0.26153094295056806, "neuronShrink": 0.3025375681005031}, "datetime": {"datetime": "2021-12-02 09:05:49", "elapsed": 145.491838, "delta": 8.135769}}
{"target": 0.8021108179419525, "params": {"alpha": 0.8767058338539752, "dropout": 0.12720772227980948, "gamma": 0.14262185803301808, "lr": 0.014705997789569276, "neuronPct": 0.5054910194840276, "neuronShrink": 0.23511551340486178}, "datetime": {"datetime": "2021-12-02 09:05:58", "elapsed": 154.790332, "delta": 9.298494}}
{"target": 0.8021108179419525, "params": {"alpha": 0.8731902773248538, "dropout": 0.10009510586494294, "gamma": 0.18322866975276517, "lr": 0.013790188897084575, "neuronPct": 0.5257209180780598, "neuronShrink": 0.2328590836652262}, "datetime": {"datetime": "2021-12-02 09:06:07", "elapsed": 164.041813, "delta": 9.251481}}
{"target": 0.8021108179419525, "params": {"alpha": 0.8936071306373661, "dropout": 0.15631449936315245, "gamma": 0.1578696295229929, "lr": 0.009411977933339147, "neuronPct": 0.4303228175409121, "neuronShrink": 0.24212961562368512}, "datetime": {"datetime": "2021-12-02 09:06:17", "elapsed": 173.687556, "delta": 9.645743}}
{"target": 0.8063660477453581, "params": {"alpha": 0.24514481704058447, "dropout": 0.1505764878736337, "gamma": 1.4127701107704023, "lr": 0.01311439172393956, "neuronPct": 0.6930135310311756, "neuronShrink": 0.32342838981774535}, "datetime": {"datetime": "2021-12-02 09:06:27", "elapsed": 183.381074, "delta": 9.693518}}
{"target": 0.8026666666666666, "params": {"alpha": 1.6802184692125663, "dropout": 0.05110435673410891, "gamma": 0.17444525075696907, "lr": 0.013846937798207334, "neuronPct": 0.3490548276337261, "neuronShrink": 0.3512862344253934}, "datetime": {"datetime": "2021-12-02 09:06:36", "elapsed": 192.464056, "delta": 9.082982}}
{"target": 0.8042328042328042, "params": {"alpha": 0.2758128625924383, "dropout": 0.19905195662119696, "gamma": 0.979182626398402, "lr": 0.009836002230705037, "neuronPct": 0.7216766466660931, "neuronShrink": 0.2233020977276532}, "datetime": {"datetime": "2021-12-02 09:06:45", "elapsed": 202.11153, "delta": 9.647474}}
{"target": 0.8021108179419525, "params": {"alpha": 0.8474080878850095, "dropout": 0.1079319767327914, "gamma": 0.2046910425077893, "lr": 0.010596958363753295, "neuronPct": 0.4652010828041874, "neuronShrink": 0.234365085544851}, "datetime": {"datetime": "2021-12-02 09:06:55", "elapsed": 211.991939, "delta": 9.880409}}
{"target": 0.8021108179419525, "params": {"alpha": 0.8704287335953145, "dropout": 0.1591658033419711, "gamma": 0.10940441642618083, "lr": 0.009769250216129233, "neuronPct": 0.47011110520123955, "neuronShrink": 0.23415698891490533}, "datetime": {"datetime": "2021-12-02 09:07:05", "elapsed": 221.703512, "delta": 9.711573}}
