{"target": 0.8140161725067385, "params": {"alpha": 0.44187664708551877, "dropout": 0.12630033145976408, "gamma": 0.8564604690261686, "lr": 0.022419868599594762, "neuronPct": 0.9596885463217477, "neuronShrink": 0.2990276428782192}, "datetime": {"datetime": "2021-12-02 09:07:59", "elapsed": 0.0, "delta": 0.0}}
{"target": 0.8140161725067385, "params": {"alpha": 0.4303385574192736, "dropout": 0.10756214313980855, "gamma": 0.8762931239968348, "lr": 0.028331972633882693, "neuronPct": 0.9733104775010568, "neuronShrink": 0.3286716881596173}, "datetime": {"datetime": "2021-12-02 09:08:09", "elapsed": 9.578919, "delta": 9.578919}}
{"target": 0.8140161725067385, "params": {"alpha": 0.4312481593369659, "dropout": 0.13418997860720344, "gamma": 0.8578241299451976, "lr": 0.03162324203825882, "neuronPct": 0.9732159918992485, "neuronShrink": 0.3223452045620669}, "datetime": {"datetime": "2021-12-02 09:08:19", "elapsed": 19.323863, "delta": 9.744944}}
{"target": 0.8184281842818428, "params": {"alpha": 0.42804489378015176, "dropout": 0.10018918124190011, "gamma": 0.8964919787190782, "lr": 0.03906809367678371, "neuronPct": 0.9680219606888543, "neuronShrink": 0.329026843923245}, "datetime": {"datetime": "2021-12-02 09:08:29", "elapsed": 29.22385, "delta": 9.899987}}
{"target": 0.8145161290322581, "params": {"alpha": 0.464845004465192, "dropout": 0.13501443996284854, "gamma": 0.8607069608537902, "lr": 0.015837923864620827, "neuronPct": 0.9608422727591206, "neuronShrink": 0.33831783831125}, "datetime": {"datetime": "2021-12-02 09:08:40", "elapsed": 40.298168, "delta": 11.074318}}
{"target": 0.8184281842818428, "params": {"alpha": 0.42102554685039006, "dropout": 0.14028410678765618, "gamma": 0.9064547502853013, "lr": 0.03986155428379877, "neuronPct": 0.9523507517808921, "neuronShrink": 0.2944107131397793}, "datetime": {"datetime": "2021-12-02 09:08:50", "elapsed": 50.974573, "delta": 10.676405}}
{"target": 0.8140161725067385, "params": {"alpha": 0.4509110868206304, "dropout": 0.10620474815350799, "gamma": 0.8896076882214797, "lr": 0.026071300692021696, "neuronPct": 0.9609610120418595, "neuronShrink": 0.3095574309654645}, "datetime": {"datetime": "2021-12-02 09:09:00", "elapsed": 60.782944, "delta": 9.808371}}
{"target": 0.8162162162162162, "params": {"alpha": 0.4683117961663318, "dropout": 0.14028410678765618, "gamma": 0.9064547502853013, "lr": 0.03986155428379877, "neuronPct": 0.9523507517808921, "neuronShrink": 0.34441071313977933}, "datetime": {"datetime": "2021-12-02 09:09:10", "elapsed": 70.991407, "delta": 10.208463}}
{"target": 0.8162162162162162, "params": {"alpha": 0.4415014709679923, "dropout": 0.0963989678846394, "gamma": 0.8929538310247749, "lr": 0.03656370431890735, "neuronPct": 0.9854951603737999, "neuronShrink": 0.3141604809329003}, "datetime": {"datetime": "2021-12-02 09:09:20", "elapsed": 80.663028, "delta": 9.671621}}
{"target": 0.8184281842818428, "params": {"alpha": 0.42102554685039006, "dropout": 0.13415822894967294, "gamma": 0.9064547502853013, "lr": 0.03986155428379877, "neuronPct": 1.002350751780892, "neuronShrink": 0.34441071313977933}, "datetime": {"datetime": "2021-12-02 09:09:30", "elapsed": 90.777831, "delta": 10.114803}}
{"target": 0.8150134048257373, "params": {"alpha": 0.4451091480627224, "dropout": 0.11733367429740196, "gamma": 0.8821135775177156, "lr": 0.015814576081310282, "neuronPct": 0.977551364461297, "neuronShrink": 0.31825896953073574}, "datetime": {"datetime": "2021-12-02 09:09:40", "elapsed": 100.797806, "delta": 10.019975}}
{"target": 0.8140161725067385, "params": {"alpha": 0.43111531653372187, "dropout": 0.10496880088882769, "gamma": 0.8644163034549118, "lr": 0.021867899202470103, "neuronPct": 0.9929269314202834, "neuronShrink": 0.3297277236458011}, "datetime": {"datetime": "2021-12-02 09:09:50", "elapsed": 110.796119, "delta": 9.998313}}
{"target": 0.8140161725067385, "params": {"alpha": 0.4391719250182596, "dropout": 0.14028410678765618, "gamma": 0.9044917454561475, "lr": 0.03110014222893291, "neuronPct": 1.0014019204659188, "neuronShrink": 0.2944107131397793}, "datetime": {"datetime": "2021-12-02 09:10:01", "elapsed": 121.425789, "delta": 10.62967}}
{"target": 0.8150134048257373, "params": {"alpha": 0.42102554685039006, "dropout": 0.14028410678765618, "gamma": 0.9064547502853013, "lr": 0.014861554283798768, "neuronPct": 0.965142464881149, "neuronShrink": 0.3286422847072175}, "datetime": {"datetime": "2021-12-02 09:10:11", "elapsed": 132.012256, "delta": 10.586467}}
{"target": 0.8140161725067385, "params": {"alpha": 0.4659320888555579, "dropout": 0.09460486662796333, "gamma": 0.8844318919515907, "lr": 0.02123158679776342, "neuronPct": 0.9901293136284153, "neuronShrink": 0.3063004738958507}, "datetime": {"datetime": "2021-12-02 09:10:21", "elapsed": 141.822156, "delta": 9.8099}}
{"target": 0.8184281842818428, "params": {"alpha": 0.46541462672704004, "dropout": 0.14028410678765618, "gamma": 0.8874635574252169, "lr": 0.03986155428379877, "neuronPct": 0.975869735155849, "neuronShrink": 0.3089757430536277}, "datetime": {"datetime": "2021-12-02 09:10:32", "elapsed": 152.59881, "delta": 10.776654}}
{"target": 0.8194070080862533, "params": {"alpha": 0.42102554685039006, "dropout": 0.1192576229363119, "gamma": 0.8832757717365153, "lr": 0.03986155428379877, "neuronPct": 0.9821836715963856, "neuronShrink": 0.2944107131397793}, "datetime": {"datetime": "2021-12-02 09:10:43", "elapsed": 163.042673, "delta": 10.443863}}
{"target": 0.8162162162162162, "params": {"alpha": 0.4493030526233574, "dropout": 0.1374809743405464, "gamma": 0.8882731022228962, "lr": 0.03986155428379877, "neuronPct": 0.9950850560014387, "neuronShrink": 0.3359740857233957}, "datetime": {"datetime": "2021-12-02 09:10:53", "elapsed": 173.806485, "delta": 10.763812}}
{"target": 0.8150134048257373, "params": {"alpha": 0.44734414186796406, "dropout": 0.14028410678765618, "gamma": 0.8951338130457911, "lr": 0.014861554283798768, "neuronPct": 0.9633494480344686, "neuronShrink": 0.2944107131397793}, "datetime": {"datetime": "2021-12-02 09:11:04", "elapsed": 184.398111, "delta": 10.591626}}
{"target": 0.8145161290322581, "params": {"alpha": 0.42102554685039006, "dropout": 0.1285860837791925, "gamma": 0.8856893371396144, "lr": 0.01804044234975034, "neuronPct": 1.002350751780892, "neuronShrink": 0.3157567949331405}, "datetime": {"datetime": "2021-12-02 09:11:14", "elapsed": 194.782354, "delta": 10.384243}}
{"target": 0.8140161725067385, "params": {"alpha": 0.4248451472988265, "dropout": 0.12380960274553407, "gamma": 0.8910013321476803, "lr": 0.03200485313354694, "neuronPct": 0.9663456148946986, "neuronShrink": 0.32526781059421567}, "datetime": {"datetime": "2021-12-02 09:11:24", "elapsed": 204.843112, "delta": 10.060758}}
{"target": 0.8184281842818428, "params": {"alpha": 0.4509450330283095, "dropout": 0.12178456799742968, "gamma": 0.870453291653854, "lr": 0.03986155428379877, "neuronPct": 0.992441615260079, "neuronShrink": 0.2948841747361765}, "datetime": {"datetime": "2021-12-02 09:11:35", "elapsed": 215.959483, "delta": 11.116371}}
{"target": 0.8145161290322581, "params": {"alpha": 0.42565220112913843, "dropout": 0.13996809232805518, "gamma": 0.8795911351905223, "lr": 0.018344896911736422, "neuronPct": 0.9671352324053024, "neuronShrink": 0.3002362375716926}, "datetime": {"datetime": "2021-12-02 09:11:46", "elapsed": 226.205601, "delta": 10.246118}}
{"target": 0.8157181571815718, "params": {"alpha": 0.42102554685039006, "dropout": 0.10220998368135982, "gamma": 0.9064547502853013, "lr": 0.03986155428379877, "neuronPct": 0.9630456138934742, "neuronShrink": 0.2944107131397793}, "datetime": {"datetime": "2021-12-02 09:11:58", "elapsed": 238.116984, "delta": 11.911383}}
{"target": 0.8184281842818428, "params": {"alpha": 0.44130866222807136, "dropout": 0.12693978179249527, "gamma": 0.8992833699960189, "lr": 0.03963201123998593, "neuronPct": 0.9950761454573266, "neuronShrink": 0.3068982021451878}, "datetime": {"datetime": "2021-12-02 09:12:08", "elapsed": 248.703034, "delta": 10.58605}}
